<?xml version="1.0" encoding="UTF-8"?>
<!-- Generated by org.testng.reporters.JUnitXMLReporter -->
<testsuite ignored="0" hostname="KALYAN" failures="0" tests="1" name="forefoxTest" time="9.517" errors="0" timestamp="2022-03-16T15:21:48 IST">
  <testcase classname="com.crm.autodeskSeleniumFramework.javaUtility.BaseClass" name="@BeforeClass bc" time="9.45">
    <failure type="java.lang.NullPointerException" message="null value in entry: url=null">
      <![CDATA[java.lang.NullPointerException: null value in entry: url=null
at com.google.common.collect.CollectPreconditions.checkEntryNotNull(CollectPreconditions.java:32)
at com.google.common.collect.SingletonImmutableBiMap.<init>(SingletonImmutableBiMap.java:42)
at com.google.common.collect.ImmutableBiMap.of(ImmutableBiMap.java:72)
at com.google.common.collect.ImmutableMap.of(ImmutableMap.java:124)
at org.openqa.selenium.remote.RemoteWebDriver.get(RemoteWebDriver.java:277)
at com.crm.autodeskSeleniumFramework.javaUtility.BaseClass.bc(BaseClass.java:54)
at java.base/java.util.concurrent.ThreadPoolExecutor.runWorker(ThreadPoolExecutor.java:1136)
at java.base/java.util.concurrent.ThreadPoolExecutor$Worker.run(ThreadPoolExecutor.java:635)
at java.base/java.lang.Thread.run(Thread.java:833)
... Removed 10 stack frames]]>
    </failure>
  </testcase> <!-- @BeforeClass bc -->
  <testcase classname="com.crm.autodeskSeleniumFramework.javaUtility.BaseClass" name="@BeforeMethod beforem" time="-1.64742430887E9">
    <skipped/>
  </testcase> <!-- @BeforeMethod beforem -->
  <testcase classname="com.crm.autodeskSeleniumFramework.javaUtility.BaseClass" name="@AfterMethod afterM" time="-1.647424308892E9">
    <skipped/>
  </testcase> <!-- @AfterMethod afterM -->
  <testcase classname="com.crm.autodeskSeleniumFramework.javaUtility.BaseClass" name="@AfterClass afterC" time="-1.647424308901E9">
    <skipped/>
  </testcase> <!-- @AfterClass afterC -->
  <testcase classname="com.crm.autodeskSeleniumFramework.testNgAnnotation.CreateOrganizationWithIndustryTest" name="createOrganization" time="0.0">
    <skipped/>
  </testcase> <!-- createOrganization -->
</testsuite> <!-- forefoxTest -->
