<?xml version="1.0" encoding="UTF-8"?>
<testng-results ignored="0" total="1" passed="1" failed="0" skipped="0">
  <reporter-output>
  </reporter-output>
  <suite started-at="2022-06-04T22:22:56 PDT" name="Default suite" finished-at="2022-06-04T22:23:30 PDT" duration-ms="34409">
    <groups>
    </groups>
    <test started-at="2022-06-04T22:22:56 PDT" name="Default test" finished-at="2022-06-04T22:23:30 PDT" duration-ms="34409">
      <class name="javascriptExecutor.ScrollPage">
        <test-method signature="scollPage()[pri:0, instance:javascriptExecutor.ScrollPage@62150f9e]" started-at="2022-06-04T22:22:56 PDT" name="scollPage" finished-at="2022-06-04T22:23:30 PDT" duration-ms="34224" status="PASS">
          <reporter-output>
          </reporter-output>
        </test-method> <!-- scollPage -->
      </class> <!-- javascriptExecutor.ScrollPage -->
    </test> <!-- Default test -->
  </suite> <!-- Default suite -->
</testng-results>
